2024-12-22 23:08:48,187 - INFO - Starting consumer for topic: cobots_topic
2024-12-22 23:08:51,340 - INFO - Request URL: 'https://etldevindiastg.blob.core.windows.net/crp038xdev001/loaded_files/raw/cobots_topic/sensor_cobots_topic_20241222_230851.csv'
Request method: 'PUT'
Request headers:
    'Content-Length': '1823'
    'x-ms-blob-type': 'REDACTED'
    'x-ms-version': 'REDACTED'
    'Content-Type': 'application/octet-stream'
    'Accept': 'application/xml'
    'User-Agent': 'azsdk-python-storage-blob/12.24.0 Python/3.13.0 (macOS-15.2-arm64-arm-64bit-Mach-O)'
    'x-ms-date': 'REDACTED'
    'x-ms-client-request-id': '53707176-c0b1-11ef-ab76-a6064ad2e2c4'
    'Authorization': 'REDACTED'
A body is sent with the request
2024-12-22 23:08:52,100 - INFO - Response status: 201
Response headers:
    'Content-Length': '0'
    'Content-MD5': 'REDACTED'
    'Last-Modified': 'Sun, 22 Dec 2024 22:08:52 GMT'
    'ETag': '"0x8DD22D5381069A4"'
    'Server': 'Windows-Azure-Blob/1.0 Microsoft-HTTPAPI/2.0'
    'x-ms-request-id': '69742fa9-701e-0008-64be-54a11b000000'
    'x-ms-client-request-id': '53707176-c0b1-11ef-ab76-a6064ad2e2c4'
    'x-ms-version': 'REDACTED'
    'x-ms-content-crc64': 'REDACTED'
    'x-ms-request-server-encrypted': 'REDACTED'
    'Date': 'Sun, 22 Dec 2024 22:08:51 GMT'
2024-12-22 23:08:52,107 - INFO - Request URL: 'https://etldevindiastg.blob.core.windows.net/crp038xdev001/loaded_files/raw/cobots_topic/sensor_cobots_topic_20241222_230852.csv'
Request method: 'PUT'
Request headers:
    'Content-Length': '1844'
    'x-ms-blob-type': 'REDACTED'
    'x-ms-version': 'REDACTED'
    'Content-Type': 'application/octet-stream'
    'Accept': 'application/xml'
    'User-Agent': 'azsdk-python-storage-blob/12.24.0 Python/3.13.0 (macOS-15.2-arm64-arm-64bit-Mach-O)'
    'x-ms-date': 'REDACTED'
    'x-ms-client-request-id': '53e57d72-c0b1-11ef-ab76-a6064ad2e2c4'
    'Authorization': 'REDACTED'
A body is sent with the request
2024-12-22 23:08:52,764 - INFO - Response status: 201
Response headers:
    'Content-Length': '0'
    'Content-MD5': 'REDACTED'
    'Last-Modified': 'Sun, 22 Dec 2024 22:08:52 GMT'
    'ETag': '"0x8DD22D53876795C"'
    'Server': 'Windows-Azure-Blob/1.0 Microsoft-HTTPAPI/2.0'
    'x-ms-request-id': 'b927e619-901e-0000-27be-54bb14000000'
    'x-ms-client-request-id': '53e57d72-c0b1-11ef-ab76-a6064ad2e2c4'
    'x-ms-version': 'REDACTED'
    'x-ms-content-crc64': 'REDACTED'
    'x-ms-request-server-encrypted': 'REDACTED'
    'Date': 'Sun, 22 Dec 2024 22:08:52 GMT'
2024-12-22 23:08:52,771 - INFO - Request URL: 'https://etldevindiastg.blob.core.windows.net/crp038xdev001/loaded_files/raw/cobots_topic/sensor_cobots_topic_20241222_230852.csv'
Request method: 'PUT'
Request headers:
    'Content-Length': '1871'
    'x-ms-blob-type': 'REDACTED'
    'x-ms-version': 'REDACTED'
    'Content-Type': 'application/octet-stream'
    'Accept': 'application/xml'
    'User-Agent': 'azsdk-python-storage-blob/12.24.0 Python/3.13.0 (macOS-15.2-arm64-arm-64bit-Mach-O)'
    'x-ms-date': 'REDACTED'
    'x-ms-client-request-id': '544adc80-c0b1-11ef-ab76-a6064ad2e2c4'
    'Authorization': 'REDACTED'
A body is sent with the request
2024-12-22 23:08:53,432 - INFO - Response status: 201
Response headers:
    'Content-Length': '0'
    'Content-MD5': 'REDACTED'
    'Last-Modified': 'Sun, 22 Dec 2024 22:08:53 GMT'
    'ETag': '"0x8DD22D538DC748C"'
    'Server': 'Windows-Azure-Blob/1.0 Microsoft-HTTPAPI/2.0'
    'x-ms-request-id': '2b4b3ad2-901e-005d-7fbe-54b190000000'
    'x-ms-client-request-id': '544adc80-c0b1-11ef-ab76-a6064ad2e2c4'
    'x-ms-version': 'REDACTED'
    'x-ms-content-crc64': 'REDACTED'
    'x-ms-request-server-encrypted': 'REDACTED'
    'Date': 'Sun, 22 Dec 2024 22:08:52 GMT'
2024-12-22 23:08:53,437 - INFO - Request URL: 'https://etldevindiastg.blob.core.windows.net/crp038xdev001/loaded_files/raw/cobots_topic/sensor_cobots_topic_20241222_230853.csv'
Request method: 'PUT'
Request headers:
    'Content-Length': '1844'
    'x-ms-blob-type': 'REDACTED'
    'x-ms-version': 'REDACTED'
    'Content-Type': 'application/octet-stream'
    'Accept': 'application/xml'
    'User-Agent': 'azsdk-python-storage-blob/12.24.0 Python/3.13.0 (macOS-15.2-arm64-arm-64bit-Mach-O)'
    'x-ms-date': 'REDACTED'
    'x-ms-client-request-id': '54b09066-c0b1-11ef-ab76-a6064ad2e2c4'
    'Authorization': 'REDACTED'
A body is sent with the request
2024-12-22 23:08:54,099 - INFO - Response status: 201
Response headers:
    'Content-Length': '0'
    'Content-MD5': 'REDACTED'
    'Last-Modified': 'Sun, 22 Dec 2024 22:08:54 GMT'
    'ETag': '"0x8DD22D53941DD68"'
    'Server': 'Windows-Azure-Blob/1.0 Microsoft-HTTPAPI/2.0'
    'x-ms-request-id': '37d53ae2-101e-000e-1cbe-5492a4000000'
    'x-ms-client-request-id': '54b09066-c0b1-11ef-ab76-a6064ad2e2c4'
    'x-ms-version': 'REDACTED'
    'x-ms-content-crc64': 'REDACTED'
    'x-ms-request-server-encrypted': 'REDACTED'
    'Date': 'Sun, 22 Dec 2024 22:08:53 GMT'
2024-12-22 23:08:54,105 - INFO - Request URL: 'https://etldevindiastg.blob.core.windows.net/crp038xdev001/loaded_files/raw/cobots_topic/sensor_cobots_topic_20241222_230854.csv'
Request method: 'PUT'
Request headers:
    'Content-Length': '1844'
    'x-ms-blob-type': 'REDACTED'
    'x-ms-version': 'REDACTED'
    'Content-Type': 'application/octet-stream'
    'Accept': 'application/xml'
    'User-Agent': 'azsdk-python-storage-blob/12.24.0 Python/3.13.0 (macOS-15.2-arm64-arm-64bit-Mach-O)'
    'x-ms-date': 'REDACTED'
    'x-ms-client-request-id': '551671ec-c0b1-11ef-ab76-a6064ad2e2c4'
    'Authorization': 'REDACTED'
A body is sent with the request
2024-12-22 23:08:54,776 - INFO - Response status: 201
Response headers:
    'Content-Length': '0'
    'Content-MD5': 'REDACTED'
    'Last-Modified': 'Sun, 22 Dec 2024 22:08:54 GMT'
    'ETag': '"0x8DD22D539A91434"'
    'Server': 'Windows-Azure-Blob/1.0 Microsoft-HTTPAPI/2.0'
    'x-ms-request-id': '5c569c68-901e-0062-14be-547933000000'
    'x-ms-client-request-id': '551671ec-c0b1-11ef-ab76-a6064ad2e2c4'
    'x-ms-version': 'REDACTED'
    'x-ms-content-crc64': 'REDACTED'
    'x-ms-request-server-encrypted': 'REDACTED'
    'Date': 'Sun, 22 Dec 2024 22:08:54 GMT'
2024-12-22 23:08:54,777 - INFO - Request URL: 'https://etldevindiastg.blob.core.windows.net/crp038xdev001/loaded_files/raw/cobots_topic/sensor_cobots_topic_20241222_230854.csv'
Request method: 'PUT'
Request headers:
    'Content-Length': '1822'
    'x-ms-blob-type': 'REDACTED'
    'x-ms-version': 'REDACTED'
    'Content-Type': 'application/octet-stream'
    'Accept': 'application/xml'
    'User-Agent': 'azsdk-python-storage-blob/12.24.0 Python/3.13.0 (macOS-15.2-arm64-arm-64bit-Mach-O)'
    'x-ms-date': 'REDACTED'
    'x-ms-client-request-id': '557d01e6-c0b1-11ef-ab76-a6064ad2e2c4'
    'Authorization': 'REDACTED'
A body is sent with the request
2024-12-22 23:08:55,433 - INFO - Response status: 201
Response headers:
    'Content-Length': '0'
    'Content-MD5': 'REDACTED'
    'Last-Modified': 'Sun, 22 Dec 2024 22:08:55 GMT'
    'ETag': '"0x8DD22D53A0DF48C"'
    'Server': 'Windows-Azure-Blob/1.0 Microsoft-HTTPAPI/2.0'
    'x-ms-request-id': '6ac0dcec-a01e-001b-7dbe-548517000000'
    'x-ms-client-request-id': '557d01e6-c0b1-11ef-ab76-a6064ad2e2c4'
    'x-ms-version': 'REDACTED'
    'x-ms-content-crc64': 'REDACTED'
    'x-ms-request-server-encrypted': 'REDACTED'
    'Date': 'Sun, 22 Dec 2024 22:08:54 GMT'
2024-12-22 23:08:55,438 - INFO - Request URL: 'https://etldevindiastg.blob.core.windows.net/crp038xdev001/loaded_files/raw/cobots_topic/sensor_cobots_topic_20241222_230855.csv'
Request method: 'PUT'
Request headers:
    'Content-Length': '1847'
    'x-ms-blob-type': 'REDACTED'
    'x-ms-version': 'REDACTED'
    'Content-Type': 'application/octet-stream'
    'Accept': 'application/xml'
    'User-Agent': 'azsdk-python-storage-blob/12.24.0 Python/3.13.0 (macOS-15.2-arm64-arm-64bit-Mach-O)'
    'x-ms-date': 'REDACTED'
    'x-ms-client-request-id': '55e1c8a6-c0b1-11ef-ab76-a6064ad2e2c4'
    'Authorization': 'REDACTED'
A body is sent with the request
